{
  "uid" : "fce69bf48f760b7e",
  "name" : "Sample GET method API test",
  "fullName" : "Running api test: Sample GET method API test",
  "historyId" : "4e233408d1f33b885c8864210dbc5ccc",
  "time" : {
    "start" : 1663067408506,
    "stop" : 1663067411436,
    "duration" : 2930
  },
  "status" : "failed",
  "statusMessage" : "Error in validating the response, Exception :io.restassured.path.json.exception.JsonPathException: Failed to parse the JSON document",
  "statusTrace" : "junit.framework.AssertionFailedError: Error in validating the response, Exception :io.restassured.path.json.exception.JsonPathException: Failed to parse the JSON document\r\n\tat junit.framework.Assert.fail(Assert.java:57)\r\n\tat com.scripted.api.RestAssuredWrapper.valJsonResponseVal(RestAssuredWrapper.java:311)\r\n\tat com.scripted.apistepdefs.stepdefinitions.the_response_should_contain(stepdefinitions.java:177)\r\n\tat ✽.the response should contain:(file:Features/Webservices/DemoSample.feature:12)\r\n",
  "flaky" : false,
  "newFailed" : false,
  "newBroken" : false,
  "newPassed" : false,
  "retriesCount" : 0,
  "retriesStatusChange" : false,
  "beforeStages" : [ {
    "name" : "stepdefinitions.beforeScenario(Scenario)",
    "time" : {
      "start" : 1663067408508,
      "stop" : 1663067409225,
      "duration" : 717
    },
    "status" : "passed",
    "steps" : [ ],
    "attachments" : [ ],
    "parameters" : [ ],
    "hasContent" : false,
    "stepsCount" : 0,
    "attachmentsCount" : 0,
    "shouldDisplayMessage" : false
  } ],
  "testStage" : {
    "status" : "failed",
    "statusMessage" : "Error in validating the response, Exception :io.restassured.path.json.exception.JsonPathException: Failed to parse the JSON document",
    "statusTrace" : "junit.framework.AssertionFailedError: Error in validating the response, Exception :io.restassured.path.json.exception.JsonPathException: Failed to parse the JSON document\r\n\tat junit.framework.Assert.fail(Assert.java:57)\r\n\tat com.scripted.api.RestAssuredWrapper.valJsonResponseVal(RestAssuredWrapper.java:311)\r\n\tat com.scripted.apistepdefs.stepdefinitions.the_response_should_contain(stepdefinitions.java:177)\r\n\tat ✽.the response should contain:(file:Features/Webservices/DemoSample.feature:12)\r\n",
    "steps" : [ {
      "name" : "Given  I have sample \"Get\" API",
      "time" : {
        "start" : 1663067409228,
        "stop" : 1663067409235,
        "duration" : 7
      },
      "status" : "passed",
      "steps" : [ ],
      "attachments" : [ ],
      "parameters" : [ ],
      "hasContent" : false,
      "stepsCount" : 0,
      "attachmentsCount" : 0,
      "shouldDisplayMessage" : false
    }, {
      "name" : "Then  updateUrlPath with \"DemoSample\" properties with dynamic parameters",
      "time" : {
        "start" : 1663067409235,
        "stop" : 1663067410602,
        "duration" : 1367
      },
      "status" : "passed",
      "steps" : [ ],
      "attachments" : [ {
        "uid" : "f4b0c6a228d2b28e",
        "name" : "Data table",
        "source" : "f4b0c6a228d2b28e.csv",
        "type" : "text/tab-separated-values",
        "size" : 17
      } ],
      "parameters" : [ ],
      "hasContent" : true,
      "stepsCount" : 0,
      "attachmentsCount" : 1,
      "shouldDisplayMessage" : false
    }, {
      "name" : "And  the response should contain:",
      "time" : {
        "start" : 1663067410602,
        "stop" : 1663067411422,
        "duration" : 820
      },
      "status" : "failed",
      "statusMessage" : "Error in validating the response, Exception :io.restassured.path.json.exception.JsonPathException: Failed to parse the JSON document",
      "statusTrace" : "junit.framework.AssertionFailedError: Error in validating the response, Exception :io.restassured.path.json.exception.JsonPathException: Failed to parse the JSON document\r\n\tat junit.framework.Assert.fail(Assert.java:57)\r\n\tat com.scripted.api.RestAssuredWrapper.valJsonResponseVal(RestAssuredWrapper.java:311)\r\n\tat com.scripted.apistepdefs.stepdefinitions.the_response_should_contain(stepdefinitions.java:177)\r\n\tat ✽.the response should contain:(file:Features/Webservices/DemoSample.feature:12)\r\n",
      "steps" : [ ],
      "attachments" : [ {
        "uid" : "326377a9575de493",
        "name" : "Data table",
        "source" : "326377a9575de493.csv",
        "type" : "text/tab-separated-values",
        "size" : 82
      } ],
      "parameters" : [ ],
      "hasContent" : true,
      "stepsCount" : 0,
      "attachmentsCount" : 1,
      "shouldDisplayMessage" : true
    } ],
    "attachments" : [ ],
    "parameters" : [ ],
    "hasContent" : true,
    "stepsCount" : 3,
    "attachmentsCount" : 2,
    "shouldDisplayMessage" : false
  },
  "afterStages" : [ {
    "name" : "stepdefinitions.afterScenario(Scenario)",
    "time" : {
      "start" : 1663067411423,
      "stop" : 1663067411435,
      "duration" : 12
    },
    "status" : "passed",
    "steps" : [ ],
    "attachments" : [ {
      "uid" : "937accbd5b8043c7",
      "name" : "Screenshot",
      "source" : "937accbd5b8043c7.xhtml",
      "type" : "application/xhtml+xml",
      "size" : 1245
    } ],
    "parameters" : [ ],
    "hasContent" : true,
    "stepsCount" : 0,
    "attachmentsCount" : 1,
    "shouldDisplayMessage" : false
  } ],
  "labels" : [ {
    "name" : "tag",
    "value" : "apiTest-2"
  }, {
    "name" : "tag",
    "value" : "TestGet"
  }, {
    "name" : "host",
    "value" : "E900DTRV"
  }, {
    "name" : "thread",
    "value" : "14800@E900DTRV.main(1)"
  }, {
    "name" : "feature",
    "value" : "Running api test"
  }, {
    "name" : "story",
    "value" : "Sample GET method API test"
  }, {
    "name" : "package",
    "value" : "Features.Webservices.Running api test"
  }, {
    "name" : "suite",
    "value" : "Running api test"
  }, {
    "name" : "testClass",
    "value" : "Sample GET method API test"
  }, {
    "name" : "framework",
    "value" : "cucumber4jvm"
  }, {
    "name" : "language",
    "value" : "java"
  }, {
    "name" : "gherkin_uri",
    "value" : "file:Features/Webservices/DemoSample.feature"
  }, {
    "name" : "resultFormat",
    "value" : "allure2"
  } ],
  "parameters" : [ ],
  "links" : [ ],
  "hidden" : false,
  "retry" : false,
  "extra" : {
    "severity" : "normal",
    "retries" : [ ],
    "categories" : [ {
      "name" : "Product defects",
      "matchedStatuses" : [ ],
      "flaky" : false
    } ],
    "tags" : [ "TestGet", "apiTest-2" ]
  },
  "source" : "fce69bf48f760b7e.json",
  "parameterValues" : [ ]
}