{
  "uid" : "4269ef92cc4a17b5",
  "name" : "Runs Cucumber Scenarios",
  "fullName" : "io.cucumber.testng.AbstractTestNGCucumberTests.runScenario",
  "historyId" : "9adb34bbd4275179101a5414c727b09c",
  "time" : {
    "start" : 1662540972402,
    "stop" : 1662540972449,
    "duration" : 47
  },
  "status" : "failed",
  "statusMessage" : "Error while trying to create requestjava.lang.IllegalArgumentException: Base URI cannot be null",
  "statusTrace" : "junit.framework.AssertionFailedError: Error while trying to create requestjava.lang.IllegalArgumentException: Base URI cannot be null\r\n\tat junit.framework.Assert.fail(Assert.java:57)\r\n\tat com.scripted.api.RestAssuredWrapper.CreateRequest(RestAssuredWrapper.java:128)\r\n\tat com.scripted.apistepdefs.stepdefinitions.api_json_request_in_something(stepdefinitions.java:113)\r\n\tat âœ½.I send a \"Post\" Request with \"SamplePOSTApi\" and \"PostApiJsonReq\"(file:Features/Webservices/SampleAllRestApi.feature:12)\r\n",
  "flaky" : false,
  "newFailed" : false,
  "newBroken" : false,
  "newPassed" : false,
  "retriesCount" : 0,
  "retriesStatusChange" : false,
  "beforeStages" : [ {
    "name" : "setUpClass",
    "time" : {
      "start" : 1662540970898,
      "stop" : 1662540971099,
      "duration" : 201
    },
    "description" : "",
    "status" : "passed",
    "steps" : [ ],
    "attachments" : [ ],
    "parameters" : [ ],
    "hasContent" : false,
    "stepsCount" : 0,
    "shouldDisplayMessage" : false,
    "attachmentsCount" : 0
  } ],
  "afterStages" : [ {
    "name" : "tearDownClass",
    "time" : {
      "start" : 1662540972565,
      "stop" : 1662540972774,
      "duration" : 209
    },
    "description" : "",
    "status" : "passed",
    "steps" : [ ],
    "attachments" : [ ],
    "parameters" : [ ],
    "hasContent" : false,
    "stepsCount" : 0,
    "shouldDisplayMessage" : false,
    "attachmentsCount" : 0
  } ],
  "labels" : [ {
    "name" : "package",
    "value" : "com.scripted.runners.APITestRunner"
  }, {
    "name" : "testClass",
    "value" : "com.scripted.runners.APITestRunner"
  }, {
    "name" : "testMethod",
    "value" : "runScenario"
  }, {
    "name" : "parentSuite",
    "value" : "Default Suite"
  }, {
    "name" : "suite",
    "value" : "SkJavaConsumerDirect-CodeClenUp"
  }, {
    "name" : "subSuite",
    "value" : "com.scripted.runners.APITestRunner"
  }, {
    "name" : "host",
    "value" : "E900DTRV"
  }, {
    "name" : "thread",
    "value" : "1576@E900DTRV.main(1)"
  }, {
    "name" : "framework",
    "value" : "testng"
  }, {
    "name" : "language",
    "value" : "java"
  }, {
    "name" : "resultFormat",
    "value" : "allure2"
  } ],
  "parameters" : [ {
    "name" : "arg0",
    "value" : "\"Sample POST method API test\""
  }, {
    "name" : "arg1",
    "value" : "\"Running all api tests\""
  } ],
  "links" : [ ],
  "hidden" : false,
  "retry" : false,
  "extra" : {
    "severity" : "normal",
    "retries" : [ ],
    "categories" : [ {
      "name" : "Product defects",
      "matchedStatuses" : [ ],
      "flaky" : false
    } ],
    "tags" : [ ]
  },
  "source" : "4269ef92cc4a17b5.json",
  "parameterValues" : [ "\"Sample POST method API test\"", "\"Running all api tests\"" ]
}